c:\users\marie\documents\github\c++\moleculeengine\moleculeengine\moleculeengine\debug\moleculeengine.pch
c:\users\marie\documents\github\c++\moleculeengine\moleculeengine\moleculeengine\debug\vc141.pdb
c:\users\marie\documents\github\c++\moleculeengine\moleculeengine\moleculeengine\debug\vc141.idb
c:\users\marie\documents\github\c++\moleculeengine\moleculeengine\moleculeengine\debug\stdafx.obj
c:\users\marie\documents\github\c++\moleculeengine\moleculeengine\moleculeengine\debug\moleculeengine.obj
c:\users\marie\documents\github\c++\moleculeengine\moleculeengine\moleculeengine\debug\messageobserver.obj
c:\users\marie\documents\github\c++\moleculeengine\moleculeengine\moleculeengine\debug\message.obj
c:\users\marie\documents\github\c++\moleculeengine\moleculeengine\moleculeengine\debug\engine.obj
c:\users\marie\documents\github\c++\moleculeengine\moleculeengine\moleculeengine\debug\messagesubject.obj
c:\users\marie\documents\github\c++\moleculeengine\moleculeengine\moleculeengine\debug\system.obj
c:\users\bergg\documents\github\c++\moleculeengine\moleculeengine\moleculeengine\debug\moleculeengine.pch
c:\users\bergg\documents\github\c++\moleculeengine\moleculeengine\moleculeengine\debug\vc141.pdb
c:\users\bergg\documents\github\c++\moleculeengine\moleculeengine\moleculeengine\debug\vc141.idb
c:\users\bergg\documents\github\c++\moleculeengine\moleculeengine\moleculeengine\debug\stdafx.obj
c:\users\bergg\documents\github\c++\moleculeengine\moleculeengine\moleculeengine\debug\engine.obj
c:\users\bergg\documents\github\c++\moleculeengine\moleculeengine\moleculeengine\debug\message.obj
c:\users\bergg\documents\github\c++\moleculeengine\moleculeengine\moleculeengine\debug\messageobserver.obj
c:\users\bergg\documents\github\c++\moleculeengine\moleculeengine\moleculeengine\debug\messagesubject.obj
c:\users\bergg\documents\github\c++\moleculeengine\moleculeengine\moleculeengine\debug\moleculeengine.obj
c:\users\bergg\documents\github\c++\moleculeengine\moleculeengine\moleculeengine\debug\system.obj
c:\users\marie\documents\github\c++\moleculeengine\moleculeengine\debug\moleculeengine.exe
c:\users\marie\documents\github\c++\moleculeengine\moleculeengine\debug\moleculeengine.ilk
c:\users\marie\documents\github\c++\moleculeengine\moleculeengine\debug\moleculeengine.pdb
c:\users\bergg\documents\github\c++\moleculeengine\moleculeengine\debug\moleculeengine.pdb
c:\users\bergg\documents\github\c++\moleculeengine\moleculeengine\moleculeengine\debug\moleculeengine.tlog\cl.command.1.tlog
c:\users\bergg\documents\github\c++\moleculeengine\moleculeengine\moleculeengine\debug\moleculeengine.tlog\cl.read.1.tlog
c:\users\bergg\documents\github\c++\moleculeengine\moleculeengine\moleculeengine\debug\moleculeengine.tlog\cl.write.1.tlog
c:\users\bergg\documents\github\c++\moleculeengine\moleculeengine\moleculeengine\debug\moleculeengine.tlog\link.command.1.tlog
c:\users\bergg\documents\github\c++\moleculeengine\moleculeengine\moleculeengine\debug\moleculeengine.tlog\link.read.1.tlog
c:\users\bergg\documents\github\c++\moleculeengine\moleculeengine\moleculeengine\debug\moleculeengine.tlog\link.write.1.tlog
